[ 2016-07-25T22:32:00+08:00 ] 127.0.0.1 /tp_erp_shop/Public/admin/js/jquery.min.map
INFO: [ app_init ] --START--
INFO: Run Behavior\BuildLiteBehavior [ RunTime:0.000008s ]
INFO: [ app_init ] --END-- [ RunTime:0.000059s ]
INFO: [ app_begin ] --START--
INFO: Run Behavior\ReadHtmlCacheBehavior [ RunTime:0.000035s ]
INFO: [ app_begin ] --END-- [ RunTime:0.000065s ]
ERR: 无法加载控制器:Public
NOTIC: [2] include(): Filename cannot be empty /var/www/tp_erp_shop/ThinkPHP/Library/Think/Think.class.php 第 314 行.
NOTIC: [2] include(): Failed opening '' for inclusion (include_path='.:/usr/share/php:/usr/share/pear') /var/www/tp_erp_shop/ThinkPHP/Library/Think/Think.class.php 第 314 行.

[ 2016-07-25T22:32:26+08:00 ] 127.0.0.1 /tp_erp_shop/Public/admin/js/jquery.min.map
INFO: [ app_init ] --START--
INFO: Run Behavior\BuildLiteBehavior [ RunTime:0.000020s ]
INFO: [ app_init ] --END-- [ RunTime:0.000130s ]
INFO: [ app_begin ] --START--
INFO: Run Behavior\ReadHtmlCacheBehavior [ RunTime:0.000034s ]
INFO: [ app_begin ] --END-- [ RunTime:0.000069s ]
ERR: 无法加载控制器:Public
NOTIC: [2] include(): Filename cannot be empty /var/www/tp_erp_shop/ThinkPHP/Library/Think/Think.class.php 第 314 行.
NOTIC: [2] include(): Failed opening '' for inclusion (include_path='.:/usr/share/php:/usr/share/pear') /var/www/tp_erp_shop/ThinkPHP/Library/Think/Think.class.php 第 314 行.

[ 2016-07-25T22:32:26+08:00 ] 127.0.0.1 /tp_erp_shop/Public/admin/js/jquery.min.map
INFO: [ app_init ] --START--
INFO: Run Behavior\BuildLiteBehavior [ RunTime:0.000038s ]
INFO: [ app_init ] --END-- [ RunTime:0.000170s ]
INFO: [ app_begin ] --START--
INFO: Run Behavior\ReadHtmlCacheBehavior [ RunTime:0.000024s ]
INFO: [ app_begin ] --END-- [ RunTime:0.000044s ]
ERR: 无法加载控制器:Public
NOTIC: [2] include(): Filename cannot be empty /var/www/tp_erp_shop/ThinkPHP/Library/Think/Think.class.php 第 314 行.
NOTIC: [2] include(): Failed opening '' for inclusion (include_path='.:/usr/share/php:/usr/share/pear') /var/www/tp_erp_shop/ThinkPHP/Library/Think/Think.class.php 第 314 行.

[ 2016-07-25T22:36:27+08:00 ] 127.0.0.1 /tp_erp_shop/Public/admin/js/jquery.min.map
INFO: [ app_init ] --START--
INFO: Run Behavior\BuildLiteBehavior [ RunTime:0.000015s ]
INFO: [ app_init ] --END-- [ RunTime:0.000102s ]
INFO: [ app_begin ] --START--
INFO: Run Behavior\ReadHtmlCacheBehavior [ RunTime:0.000051s ]
INFO: [ app_begin ] --END-- [ RunTime:0.000094s ]
ERR: 无法加载控制器:Public
NOTIC: [2] include(): Filename cannot be empty /var/www/tp_erp_shop/ThinkPHP/Library/Think/Think.class.php 第 314 行.
NOTIC: [2] include(): Failed opening '' for inclusion (include_path='.:/usr/share/php:/usr/share/pear') /var/www/tp_erp_shop/ThinkPHP/Library/Think/Think.class.php 第 314 行.

[ 2016-07-25T22:36:31+08:00 ] 127.0.0.1 /tp_erp_shop/Public/admin/js/jquery.min.map
INFO: [ app_init ] --START--
INFO: Run Behavior\BuildLiteBehavior [ RunTime:0.000014s ]
INFO: [ app_init ] --END-- [ RunTime:0.000087s ]
INFO: [ app_begin ] --START--
INFO: Run Behavior\ReadHtmlCacheBehavior [ RunTime:0.000040s ]
INFO: [ app_begin ] --END-- [ RunTime:0.000067s ]
ERR: 无法加载控制器:Public
NOTIC: [2] include(): Filename cannot be empty /var/www/tp_erp_shop/ThinkPHP/Library/Think/Think.class.php 第 314 行.
NOTIC: [2] include(): Failed opening '' for inclusion (include_path='.:/usr/share/php:/usr/share/pear') /var/www/tp_erp_shop/ThinkPHP/Library/Think/Think.class.php 第 314 行.

[ 2016-07-25T22:36:42+08:00 ] 127.0.0.1 /tp_erp_shop/Public/admin/js/jquery.min.map
INFO: [ app_init ] --START--
INFO: Run Behavior\BuildLiteBehavior [ RunTime:0.000008s ]
INFO: [ app_init ] --END-- [ RunTime:0.000049s ]
INFO: [ app_begin ] --START--
INFO: Run Behavior\ReadHtmlCacheBehavior [ RunTime:0.000021s ]
INFO: [ app_begin ] --END-- [ RunTime:0.000042s ]
ERR: 无法加载控制器:Public
NOTIC: [2] include(): Filename cannot be empty /var/www/tp_erp_shop/ThinkPHP/Library/Think/Think.class.php 第 314 行.
NOTIC: [2] include(): Failed opening '' for inclusion (include_path='.:/usr/share/php:/usr/share/pear') /var/www/tp_erp_shop/ThinkPHP/Library/Think/Think.class.php 第 314 行.

[ 2016-07-25T22:39:40+08:00 ] 127.0.0.1 /tp_erp_shop/Public/admin/js/jquery.min.map
INFO: [ app_init ] --START--
INFO: Run Behavior\BuildLiteBehavior [ RunTime:0.000011s ]
INFO: [ app_init ] --END-- [ RunTime:0.000072s ]
INFO: [ app_begin ] --START--
INFO: Run Behavior\ReadHtmlCacheBehavior [ RunTime:0.000029s ]
INFO: [ app_begin ] --END-- [ RunTime:0.000049s ]
ERR: 无法加载控制器:Public
NOTIC: [2] include(): Filename cannot be empty /var/www/tp_erp_shop/ThinkPHP/Library/Think/Think.class.php 第 314 行.
NOTIC: [2] include(): Failed opening '' for inclusion (include_path='.:/usr/share/php:/usr/share/pear') /var/www/tp_erp_shop/ThinkPHP/Library/Think/Think.class.php 第 314 行.

[ 2016-07-25T22:40:12+08:00 ] 127.0.0.1 /tp_erp_shop/Public/admin/js/jquery.min.map
INFO: [ app_init ] --START--
INFO: Run Behavior\BuildLiteBehavior [ RunTime:0.000007s ]
INFO: [ app_init ] --END-- [ RunTime:0.000049s ]
INFO: [ app_begin ] --START--
INFO: Run Behavior\ReadHtmlCacheBehavior [ RunTime:0.000019s ]
INFO: [ app_begin ] --END-- [ RunTime:0.000038s ]
ERR: 无法加载控制器:Public
NOTIC: [2] include(): Filename cannot be empty /var/www/tp_erp_shop/ThinkPHP/Library/Think/Think.class.php 第 314 行.
NOTIC: [2] include(): Failed opening '' for inclusion (include_path='.:/usr/share/php:/usr/share/pear') /var/www/tp_erp_shop/ThinkPHP/Library/Think/Think.class.php 第 314 行.

[ 2016-07-25T22:40:50+08:00 ] 127.0.0.1 /tp_erp_shop/Public/admin/js/jquery.min.map
INFO: [ app_init ] --START--
INFO: Run Behavior\BuildLiteBehavior [ RunTime:0.000010s ]
INFO: [ app_init ] --END-- [ RunTime:0.000060s ]
INFO: [ app_begin ] --START--
INFO: Run Behavior\ReadHtmlCacheBehavior [ RunTime:0.000023s ]
INFO: [ app_begin ] --END-- [ RunTime:0.000046s ]
ERR: 无法加载控制器:Public
NOTIC: [2] include(): Filename cannot be empty /var/www/tp_erp_shop/ThinkPHP/Library/Think/Think.class.php 第 314 行.
NOTIC: [2] include(): Failed opening '' for inclusion (include_path='.:/usr/share/php:/usr/share/pear') /var/www/tp_erp_shop/ThinkPHP/Library/Think/Think.class.php 第 314 行.

[ 2016-07-25T22:40:57+08:00 ] 127.0.0.1 /tp_erp_shop/Public/admin/js/jquery.min.map
INFO: [ app_init ] --START--
INFO: Run Behavior\BuildLiteBehavior [ RunTime:0.000018s ]
INFO: [ app_init ] --END-- [ RunTime:0.000120s ]
INFO: [ app_begin ] --START--
INFO: Run Behavior\ReadHtmlCacheBehavior [ RunTime:0.000039s ]
INFO: [ app_begin ] --END-- [ RunTime:0.000077s ]
ERR: 无法加载控制器:Public
NOTIC: [2] include(): Filename cannot be empty /var/www/tp_erp_shop/ThinkPHP/Library/Think/Think.class.php 第 314 行.
NOTIC: [2] include(): Failed opening '' for inclusion (include_path='.:/usr/share/php:/usr/share/pear') /var/www/tp_erp_shop/ThinkPHP/Library/Think/Think.class.php 第 314 行.

[ 2016-07-25T22:40:59+08:00 ] 127.0.0.1 /tp_erp_shop/Public/admin/js/jquery.min.map
INFO: [ app_init ] --START--
INFO: Run Behavior\BuildLiteBehavior [ RunTime:0.000008s ]
INFO: [ app_init ] --END-- [ RunTime:0.000056s ]
INFO: [ app_begin ] --START--
INFO: Run Behavior\ReadHtmlCacheBehavior [ RunTime:0.000020s ]
INFO: [ app_begin ] --END-- [ RunTime:0.000038s ]
ERR: 无法加载控制器:Public
NOTIC: [2] include(): Filename cannot be empty /var/www/tp_erp_shop/ThinkPHP/Library/Think/Think.class.php 第 314 行.
NOTIC: [2] include(): Failed opening '' for inclusion (include_path='.:/usr/share/php:/usr/share/pear') /var/www/tp_erp_shop/ThinkPHP/Library/Think/Think.class.php 第 314 行.

