[ 2016-07-29T14:58:57+08:00 ] 127.0.0.1 /tp_erp_shop/Public/admin/js/jquery.min.map
INFO: [ app_init ] --START--
INFO: Run Behavior\BuildLiteBehavior [ RunTime:0.000009s ]
INFO: [ app_init ] --END-- [ RunTime:0.000061s ]
INFO: [ app_begin ] --START--
INFO: Run Behavior\ReadHtmlCacheBehavior [ RunTime:0.000050s ]
INFO: [ app_begin ] --END-- [ RunTime:0.000091s ]
ERR: 无法加载控制器:Public
NOTIC: [2] include(): Filename cannot be empty /var/www/tp_erp_shop/ThinkPHP/Library/Think/Think.class.php 第 314 行.
NOTIC: [2] include(): Failed opening '' for inclusion (include_path='.:/usr/share/php:/usr/share/pear') /var/www/tp_erp_shop/ThinkPHP/Library/Think/Think.class.php 第 314 行.

[ 2016-07-29T14:58:59+08:00 ] 127.0.0.1 /tp_erp_shop/Public/admin/js/jquery.min.map
INFO: [ app_init ] --START--
INFO: Run Behavior\BuildLiteBehavior [ RunTime:0.000015s ]
INFO: [ app_init ] --END-- [ RunTime:0.000100s ]
INFO: [ app_begin ] --START--
INFO: Run Behavior\ReadHtmlCacheBehavior [ RunTime:0.000074s ]
INFO: [ app_begin ] --END-- [ RunTime:0.000153s ]
ERR: 无法加载控制器:Public
NOTIC: [2] include(): Filename cannot be empty /var/www/tp_erp_shop/ThinkPHP/Library/Think/Think.class.php 第 314 行.
NOTIC: [2] include(): Failed opening '' for inclusion (include_path='.:/usr/share/php:/usr/share/pear') /var/www/tp_erp_shop/ThinkPHP/Library/Think/Think.class.php 第 314 行.

[ 2016-07-29T14:59:07+08:00 ] 127.0.0.1 /tp_erp_shop/Public/admin/js/jquery.min.map
INFO: [ app_init ] --START--
INFO: Run Behavior\BuildLiteBehavior [ RunTime:0.000014s ]
INFO: [ app_init ] --END-- [ RunTime:0.000111s ]
INFO: [ app_begin ] --START--
INFO: Run Behavior\ReadHtmlCacheBehavior [ RunTime:0.000036s ]
INFO: [ app_begin ] --END-- [ RunTime:0.000069s ]
ERR: 无法加载控制器:Public
NOTIC: [2] include(): Filename cannot be empty /var/www/tp_erp_shop/ThinkPHP/Library/Think/Think.class.php 第 314 行.
NOTIC: [2] include(): Failed opening '' for inclusion (include_path='.:/usr/share/php:/usr/share/pear') /var/www/tp_erp_shop/ThinkPHP/Library/Think/Think.class.php 第 314 行.

[ 2016-07-29T15:00:09+08:00 ] 127.0.0.1 /tp_erp_shop/Public/admin/js/jquery.min.map
INFO: [ app_init ] --START--
INFO: Run Behavior\BuildLiteBehavior [ RunTime:0.000014s ]
INFO: [ app_init ] --END-- [ RunTime:0.000149s ]
INFO: [ app_begin ] --START--
INFO: Run Behavior\ReadHtmlCacheBehavior [ RunTime:0.000048s ]
INFO: [ app_begin ] --END-- [ RunTime:0.000088s ]
ERR: 无法加载控制器:Public
NOTIC: [2] include(): Filename cannot be empty /var/www/tp_erp_shop/ThinkPHP/Library/Think/Think.class.php 第 314 行.
NOTIC: [2] include(): Failed opening '' for inclusion (include_path='.:/usr/share/php:/usr/share/pear') /var/www/tp_erp_shop/ThinkPHP/Library/Think/Think.class.php 第 314 行.

[ 2016-07-29T16:13:07+08:00 ] 127.0.0.1 /tp_erp_shop/Public/admin/js/jquery.min.map
INFO: [ app_init ] --START--
INFO: Run Behavior\BuildLiteBehavior [ RunTime:0.000011s ]
INFO: [ app_init ] --END-- [ RunTime:0.000075s ]
INFO: [ app_begin ] --START--
INFO: Run Behavior\ReadHtmlCacheBehavior [ RunTime:0.000035s ]
INFO: [ app_begin ] --END-- [ RunTime:0.000067s ]
ERR: 无法加载控制器:Public
NOTIC: [2] include(): Filename cannot be empty /var/www/tp_erp_shop/ThinkPHP/Library/Think/Think.class.php 第 314 行.
NOTIC: [2] include(): Failed opening '' for inclusion (include_path='.:/usr/share/php:/usr/share/pear') /var/www/tp_erp_shop/ThinkPHP/Library/Think/Think.class.php 第 314 行.

[ 2016-07-29T16:15:09+08:00 ] 127.0.0.1 /tp_erp_shop/Public/admin/js/jquery.min.map
INFO: [ app_init ] --START--
INFO: Run Behavior\BuildLiteBehavior [ RunTime:0.000019s ]
INFO: [ app_init ] --END-- [ RunTime:0.000133s ]
INFO: [ app_begin ] --START--
INFO: Run Behavior\ReadHtmlCacheBehavior [ RunTime:0.000051s ]
INFO: [ app_begin ] --END-- [ RunTime:0.000088s ]
ERR: 无法加载控制器:Public
NOTIC: [2] include(): Filename cannot be empty /var/www/tp_erp_shop/ThinkPHP/Library/Think/Think.class.php 第 314 行.
NOTIC: [2] include(): Failed opening '' for inclusion (include_path='.:/usr/share/php:/usr/share/pear') /var/www/tp_erp_shop/ThinkPHP/Library/Think/Think.class.php 第 314 行.

[ 2016-07-29T16:15:12+08:00 ] 127.0.0.1 /tp_erp_shop/Public/admin/js/jquery.min.map
INFO: [ app_init ] --START--
INFO: Run Behavior\BuildLiteBehavior [ RunTime:0.000031s ]
INFO: [ app_init ] --END-- [ RunTime:0.000115s ]
INFO: [ app_begin ] --START--
INFO: Run Behavior\ReadHtmlCacheBehavior [ RunTime:0.000066s ]
INFO: [ app_begin ] --END-- [ RunTime:0.000127s ]
ERR: 无法加载控制器:Public
NOTIC: [2] include(): Filename cannot be empty /var/www/tp_erp_shop/ThinkPHP/Library/Think/Think.class.php 第 314 行.
NOTIC: [2] include(): Failed opening '' for inclusion (include_path='.:/usr/share/php:/usr/share/pear') /var/www/tp_erp_shop/ThinkPHP/Library/Think/Think.class.php 第 314 行.

[ 2016-07-29T16:15:13+08:00 ] 127.0.0.1 /tp_erp_shop/Public/admin/js/jquery.min.map
INFO: [ app_init ] --START--
INFO: Run Behavior\BuildLiteBehavior [ RunTime:0.000020s ]
INFO: [ app_init ] --END-- [ RunTime:0.000123s ]
INFO: [ app_begin ] --START--
INFO: Run Behavior\ReadHtmlCacheBehavior [ RunTime:0.000044s ]
INFO: [ app_begin ] --END-- [ RunTime:0.000073s ]
ERR: 无法加载控制器:Public
NOTIC: [2] include(): Filename cannot be empty /var/www/tp_erp_shop/ThinkPHP/Library/Think/Think.class.php 第 314 行.
NOTIC: [2] include(): Failed opening '' for inclusion (include_path='.:/usr/share/php:/usr/share/pear') /var/www/tp_erp_shop/ThinkPHP/Library/Think/Think.class.php 第 314 行.

[ 2016-07-29T16:15:16+08:00 ] 127.0.0.1 /tp_erp_shop/Public/admin/js/jquery.min.map
INFO: [ app_init ] --START--
INFO: Run Behavior\BuildLiteBehavior [ RunTime:0.000018s ]
INFO: [ app_init ] --END-- [ RunTime:0.000124s ]
INFO: [ app_begin ] --START--
INFO: Run Behavior\ReadHtmlCacheBehavior [ RunTime:0.000092s ]
INFO: [ app_begin ] --END-- [ RunTime:0.000279s ]
ERR: 无法加载控制器:Public
NOTIC: [2] include(): Filename cannot be empty /var/www/tp_erp_shop/ThinkPHP/Library/Think/Think.class.php 第 314 行.
NOTIC: [2] include(): Failed opening '' for inclusion (include_path='.:/usr/share/php:/usr/share/pear') /var/www/tp_erp_shop/ThinkPHP/Library/Think/Think.class.php 第 314 行.

[ 2016-07-29T16:15:52+08:00 ] 127.0.0.1 /tp_erp_shop/Public/admin/js/jquery.min.map
INFO: [ app_init ] --START--
INFO: Run Behavior\BuildLiteBehavior [ RunTime:0.000011s ]
INFO: [ app_init ] --END-- [ RunTime:0.000071s ]
INFO: [ app_begin ] --START--
INFO: Run Behavior\ReadHtmlCacheBehavior [ RunTime:0.000022s ]
INFO: [ app_begin ] --END-- [ RunTime:0.000043s ]
ERR: 无法加载控制器:Public
NOTIC: [2] include(): Filename cannot be empty /var/www/tp_erp_shop/ThinkPHP/Library/Think/Think.class.php 第 314 行.
NOTIC: [2] include(): Failed opening '' for inclusion (include_path='.:/usr/share/php:/usr/share/pear') /var/www/tp_erp_shop/ThinkPHP/Library/Think/Think.class.php 第 314 行.

[ 2016-07-29T16:15:56+08:00 ] 127.0.0.1 /tp_erp_shop/Public/admin/js/jquery.min.map
INFO: [ app_init ] --START--
INFO: Run Behavior\BuildLiteBehavior [ RunTime:0.000008s ]
INFO: [ app_init ] --END-- [ RunTime:0.000059s ]
INFO: [ app_begin ] --START--
INFO: Run Behavior\ReadHtmlCacheBehavior [ RunTime:0.000028s ]
INFO: [ app_begin ] --END-- [ RunTime:0.000053s ]
ERR: 无法加载控制器:Public
NOTIC: [2] include(): Filename cannot be empty /var/www/tp_erp_shop/ThinkPHP/Library/Think/Think.class.php 第 314 行.
NOTIC: [2] include(): Failed opening '' for inclusion (include_path='.:/usr/share/php:/usr/share/pear') /var/www/tp_erp_shop/ThinkPHP/Library/Think/Think.class.php 第 314 行.

[ 2016-07-29T16:16:01+08:00 ] 127.0.0.1 /tp_erp_shop/Public/admin/js/jquery.min.map
INFO: [ app_init ] --START--
INFO: Run Behavior\BuildLiteBehavior [ RunTime:0.000014s ]
INFO: [ app_init ] --END-- [ RunTime:0.000093s ]
INFO: [ app_begin ] --START--
INFO: Run Behavior\ReadHtmlCacheBehavior [ RunTime:0.000038s ]
INFO: [ app_begin ] --END-- [ RunTime:0.000068s ]
ERR: 无法加载控制器:Public
NOTIC: [2] include(): Filename cannot be empty /var/www/tp_erp_shop/ThinkPHP/Library/Think/Think.class.php 第 314 行.
NOTIC: [2] include(): Failed opening '' for inclusion (include_path='.:/usr/share/php:/usr/share/pear') /var/www/tp_erp_shop/ThinkPHP/Library/Think/Think.class.php 第 314 行.

[ 2016-07-29T16:16:36+08:00 ] 127.0.0.1 /tp_erp_shop/Public/admin/js/jquery.min.map
INFO: [ app_init ] --START--
INFO: Run Behavior\BuildLiteBehavior [ RunTime:0.000012s ]
INFO: [ app_init ] --END-- [ RunTime:0.000092s ]
INFO: [ app_begin ] --START--
INFO: Run Behavior\ReadHtmlCacheBehavior [ RunTime:0.000048s ]
INFO: [ app_begin ] --END-- [ RunTime:0.000082s ]
ERR: 无法加载控制器:Public
NOTIC: [2] include(): Filename cannot be empty /var/www/tp_erp_shop/ThinkPHP/Library/Think/Think.class.php 第 314 行.
NOTIC: [2] include(): Failed opening '' for inclusion (include_path='.:/usr/share/php:/usr/share/pear') /var/www/tp_erp_shop/ThinkPHP/Library/Think/Think.class.php 第 314 行.

[ 2016-07-29T16:18:02+08:00 ] 127.0.0.1 /tp_erp_shop/Public/admin/js/jquery.min.map
INFO: [ app_init ] --START--
INFO: Run Behavior\BuildLiteBehavior [ RunTime:0.000015s ]
INFO: [ app_init ] --END-- [ RunTime:0.000111s ]
INFO: [ app_begin ] --START--
INFO: Run Behavior\ReadHtmlCacheBehavior [ RunTime:0.000043s ]
INFO: [ app_begin ] --END-- [ RunTime:0.000081s ]
ERR: 无法加载控制器:Public
NOTIC: [2] include(): Filename cannot be empty /var/www/tp_erp_shop/ThinkPHP/Library/Think/Think.class.php 第 314 行.
NOTIC: [2] include(): Failed opening '' for inclusion (include_path='.:/usr/share/php:/usr/share/pear') /var/www/tp_erp_shop/ThinkPHP/Library/Think/Think.class.php 第 314 行.

[ 2016-07-29T16:28:44+08:00 ] 127.0.0.1 /tp_erp_shop/Public/admin/js/jquery.min.map
INFO: [ app_init ] --START--
INFO: Run Behavior\BuildLiteBehavior [ RunTime:0.000023s ]
INFO: [ app_init ] --END-- [ RunTime:0.000161s ]
INFO: [ app_begin ] --START--
INFO: Run Behavior\ReadHtmlCacheBehavior [ RunTime:0.000073s ]
INFO: [ app_begin ] --END-- [ RunTime:0.000144s ]
ERR: 无法加载控制器:Public
NOTIC: [2] include(): Filename cannot be empty /var/www/tp_erp_shop/ThinkPHP/Library/Think/Think.class.php 第 314 行.
NOTIC: [2] include(): Failed opening '' for inclusion (include_path='.:/usr/share/php:/usr/share/pear') /var/www/tp_erp_shop/ThinkPHP/Library/Think/Think.class.php 第 314 行.

