[ 2016-07-22T14:21:25+08:00 ] 127.0.0.1 /tp_erp_shop/Public/admin/js/jquery.min.map
INFO: [ app_init ] --START--
INFO: Run Behavior\BuildLiteBehavior [ RunTime:0.000008s ]
INFO: [ app_init ] --END-- [ RunTime:0.000057s ]
INFO: [ app_begin ] --START--
INFO: Run Behavior\ReadHtmlCacheBehavior [ RunTime:0.000024s ]
INFO: [ app_begin ] --END-- [ RunTime:0.000044s ]
ERR: 无法加载控制器:Public
NOTIC: [2] include(): Filename cannot be empty /var/www/tp_erp_shop/ThinkPHP/Library/Think/Think.class.php 第 314 行.
NOTIC: [2] include(): Failed opening '' for inclusion (include_path='.:/usr/share/php:/usr/share/pear') /var/www/tp_erp_shop/ThinkPHP/Library/Think/Think.class.php 第 314 行.

[ 2016-07-22T15:21:53+08:00 ] 127.0.0.1 /tp_erp_shop/Public/admin/js/jquery.min.map
INFO: [ app_init ] --START--
INFO: Run Behavior\BuildLiteBehavior [ RunTime:0.000012s ]
INFO: [ app_init ] --END-- [ RunTime:0.000129s ]
INFO: [ app_begin ] --START--
INFO: Run Behavior\ReadHtmlCacheBehavior [ RunTime:0.000042s ]
INFO: [ app_begin ] --END-- [ RunTime:0.000076s ]
ERR: 无法加载控制器:Public
NOTIC: [2] include(): Filename cannot be empty /var/www/tp_erp_shop/ThinkPHP/Library/Think/Think.class.php 第 314 行.
NOTIC: [2] include(): Failed opening '' for inclusion (include_path='.:/usr/share/php:/usr/share/pear') /var/www/tp_erp_shop/ThinkPHP/Library/Think/Think.class.php 第 314 行.

[ 2016-07-22T15:26:02+08:00 ] 127.0.0.1 /tp_erp_shop/Public/admin/js/jquery.min.map
INFO: [ app_init ] --START--
INFO: Run Behavior\BuildLiteBehavior [ RunTime:0.000008s ]
INFO: [ app_init ] --END-- [ RunTime:0.000059s ]
INFO: [ app_begin ] --START--
INFO: Run Behavior\ReadHtmlCacheBehavior [ RunTime:0.000024s ]
INFO: [ app_begin ] --END-- [ RunTime:0.000043s ]
ERR: 无法加载控制器:Public
NOTIC: [2] include(): Filename cannot be empty /var/www/tp_erp_shop/ThinkPHP/Library/Think/Think.class.php 第 314 行.
NOTIC: [2] include(): Failed opening '' for inclusion (include_path='.:/usr/share/php:/usr/share/pear') /var/www/tp_erp_shop/ThinkPHP/Library/Think/Think.class.php 第 314 行.

[ 2016-07-22T15:26:38+08:00 ] 127.0.0.1 /tp_erp_shop/Public/admin/js/jquery.min.map
INFO: [ app_init ] --START--
INFO: Run Behavior\BuildLiteBehavior [ RunTime:0.000014s ]
INFO: [ app_init ] --END-- [ RunTime:0.000322s ]
INFO: [ app_begin ] --START--
INFO: Run Behavior\ReadHtmlCacheBehavior [ RunTime:0.000068s ]
INFO: [ app_begin ] --END-- [ RunTime:0.000125s ]
ERR: 无法加载控制器:Public
NOTIC: [2] include(): Filename cannot be empty /var/www/tp_erp_shop/ThinkPHP/Library/Think/Think.class.php 第 314 行.
NOTIC: [2] include(): Failed opening '' for inclusion (include_path='.:/usr/share/php:/usr/share/pear') /var/www/tp_erp_shop/ThinkPHP/Library/Think/Think.class.php 第 314 行.

[ 2016-07-22T15:27:34+08:00 ] 127.0.0.1 /tp_erp_shop/Public/admin/js/jquery.min.map
INFO: [ app_init ] --START--
INFO: Run Behavior\BuildLiteBehavior [ RunTime:0.000007s ]
INFO: [ app_init ] --END-- [ RunTime:0.000063s ]
INFO: [ app_begin ] --START--
INFO: Run Behavior\ReadHtmlCacheBehavior [ RunTime:0.000022s ]
INFO: [ app_begin ] --END-- [ RunTime:0.000040s ]
ERR: 无法加载控制器:Public
NOTIC: [2] include(): Filename cannot be empty /var/www/tp_erp_shop/ThinkPHP/Library/Think/Think.class.php 第 314 行.
NOTIC: [2] include(): Failed opening '' for inclusion (include_path='.:/usr/share/php:/usr/share/pear') /var/www/tp_erp_shop/ThinkPHP/Library/Think/Think.class.php 第 314 行.

[ 2016-07-22T15:27:36+08:00 ] 127.0.0.1 /tp_erp_shop/Public/admin/js/jquery.min.map
INFO: [ app_init ] --START--
INFO: Run Behavior\BuildLiteBehavior [ RunTime:0.000016s ]
INFO: [ app_init ] --END-- [ RunTime:0.000098s ]
INFO: [ app_begin ] --START--
INFO: Run Behavior\ReadHtmlCacheBehavior [ RunTime:0.000074s ]
INFO: [ app_begin ] --END-- [ RunTime:0.000134s ]
ERR: 无法加载控制器:Public
NOTIC: [2] include(): Filename cannot be empty /var/www/tp_erp_shop/ThinkPHP/Library/Think/Think.class.php 第 314 行.
NOTIC: [2] include(): Failed opening '' for inclusion (include_path='.:/usr/share/php:/usr/share/pear') /var/www/tp_erp_shop/ThinkPHP/Library/Think/Think.class.php 第 314 行.

[ 2016-07-22T15:29:49+08:00 ] 127.0.0.1 /tp_erp_shop/Public/admin/js/jquery.min.map
INFO: [ app_init ] --START--
INFO: Run Behavior\BuildLiteBehavior [ RunTime:0.000010s ]
INFO: [ app_init ] --END-- [ RunTime:0.000060s ]
INFO: [ app_begin ] --START--
INFO: Run Behavior\ReadHtmlCacheBehavior [ RunTime:0.000023s ]
INFO: [ app_begin ] --END-- [ RunTime:0.000041s ]
ERR: 无法加载控制器:Public
NOTIC: [2] include(): Filename cannot be empty /var/www/tp_erp_shop/ThinkPHP/Library/Think/Think.class.php 第 314 行.
NOTIC: [2] include(): Failed opening '' for inclusion (include_path='.:/usr/share/php:/usr/share/pear') /var/www/tp_erp_shop/ThinkPHP/Library/Think/Think.class.php 第 314 行.

[ 2016-07-22T16:07:32+08:00 ] 127.0.0.1 /tp_erp_shop/Public/admin/js/jquery.min.map
INFO: [ app_init ] --START--
INFO: Run Behavior\BuildLiteBehavior [ RunTime:0.000028s ]
INFO: [ app_init ] --END-- [ RunTime:0.000175s ]
INFO: [ app_begin ] --START--
INFO: Run Behavior\ReadHtmlCacheBehavior [ RunTime:0.000070s ]
INFO: [ app_begin ] --END-- [ RunTime:0.000119s ]
ERR: 无法加载控制器:Public
NOTIC: [2] include(): Filename cannot be empty /var/www/tp_erp_shop/ThinkPHP/Library/Think/Think.class.php 第 314 行.
NOTIC: [2] include(): Failed opening '' for inclusion (include_path='.:/usr/share/php:/usr/share/pear') /var/www/tp_erp_shop/ThinkPHP/Library/Think/Think.class.php 第 314 行.

