[ 2016-07-25T21:50:56+08:00 ] 127.0.0.1 /tp_erp_shop/Admin/Business/index/type/2.html?v=3.0
INFO: [ app_init ] --START--
INFO: Run Behavior\BuildLiteBehavior [ RunTime:0.000029s ]
INFO: [ app_init ] --END-- [ RunTime:0.000218s ]
INFO: [ app_begin ] --START--
INFO: Run Behavior\ReadHtmlCacheBehavior [ RunTime:0.000552s ]
INFO: [ app_begin ] --END-- [ RunTime:0.000658s ]
SQL: SHOW COLUMNS FROM `admin_user` [ RunTime:0.0078s ]

[ 2016-07-25T21:50:56+08:00 ] 127.0.0.1 /tp_erp_shop/Admin/Public/login.html
INFO: [ app_init ] --START--
INFO: Run Behavior\BuildLiteBehavior [ RunTime:0.000026s ]
INFO: [ app_init ] --END-- [ RunTime:0.000151s ]
INFO: [ app_begin ] --START--
INFO: Run Behavior\ReadHtmlCacheBehavior [ RunTime:0.000052s ]
INFO: [ app_begin ] --END-- [ RunTime:0.000094s ]
SQL: SHOW COLUMNS FROM `admin_user` [ RunTime:0.0012s ]
INFO: [ view_parse ] --START--
INFO: [ template_filter ] --START--
INFO: Run Behavior\ContentReplaceBehavior [ RunTime:0.000043s ]
INFO: [ template_filter ] --END-- [ RunTime:0.000096s ]
INFO: Run Behavior\ParseTemplateBehavior [ RunTime:0.005638s ]
INFO: [ view_parse ] --END-- [ RunTime:0.005695s ]
INFO: [ view_filter ] --START--
INFO: Run Behavior\WriteHtmlCacheBehavior [ RunTime:0.000078s ]
INFO: Run Behavior\TokenBuildBehavior [ RunTime:0.000048s ]
INFO: [ view_filter ] --END-- [ RunTime:0.000151s ]
INFO: [ app_end ] --START--
INFO: Run Behavior\ShowPageTraceBehavior [ RunTime:0.000260s ]
INFO: [ app_end ] --END-- [ RunTime:0.000293s ]

[ 2016-07-25T21:50:56+08:00 ] 127.0.0.1 /tp_erp_shop/Admin/Public/login.html
INFO: [ app_init ] --START--
INFO: Run Behavior\BuildLiteBehavior [ RunTime:0.000017s ]
INFO: [ app_init ] --END-- [ RunTime:0.000390s ]
INFO: [ app_begin ] --START--
INFO: Run Behavior\ReadHtmlCacheBehavior [ RunTime:0.000029s ]
INFO: [ app_begin ] --END-- [ RunTime:0.000108s ]
SQL: SHOW COLUMNS FROM `admin_user` [ RunTime:0.0005s ]
INFO: [ view_parse ] --START--
INFO: [ template_filter ] --START--
INFO: Run Behavior\ContentReplaceBehavior [ RunTime:0.000039s ]
INFO: [ template_filter ] --END-- [ RunTime:0.000079s ]
INFO: Run Behavior\ParseTemplateBehavior [ RunTime:0.002275s ]
INFO: [ view_parse ] --END-- [ RunTime:0.002312s ]
INFO: [ view_filter ] --START--
INFO: Run Behavior\WriteHtmlCacheBehavior [ RunTime:0.000058s ]
INFO: Run Behavior\TokenBuildBehavior [ RunTime:0.000036s ]
INFO: [ view_filter ] --END-- [ RunTime:0.000122s ]
INFO: [ app_end ] --START--
INFO: Run Behavior\ShowPageTraceBehavior [ RunTime:0.000017s ]
INFO: [ app_end ] --END-- [ RunTime:0.000031s ]

[ 2016-07-25T21:51:06+08:00 ] 127.0.0.1 /tp_erp_shop/Admin/public/login.html
INFO: [ app_init ] --START--
INFO: Run Behavior\BuildLiteBehavior [ RunTime:0.000009s ]
INFO: [ app_init ] --END-- [ RunTime:0.000062s ]
INFO: [ app_begin ] --START--
INFO: Run Behavior\ReadHtmlCacheBehavior [ RunTime:0.000035s ]
INFO: [ app_begin ] --END-- [ RunTime:0.000070s ]
SQL: SHOW COLUMNS FROM `admin_user` [ RunTime:0.0007s ]
SQL: SELECT id as uid,`nickname`,`email`,`password`,`mobile`,`deleted_at` FROM `admin_user` WHERE `email` = 'guiguoershao@163.com' LIMIT 1   [ RunTime:0.0040s ]
INFO: [ view_parse ] --START--
INFO: [ template_filter ] --START--
INFO: Run Behavior\ContentReplaceBehavior [ RunTime:0.000077s ]
INFO: [ template_filter ] --END-- [ RunTime:0.000558s ]
INFO: Run Behavior\ParseTemplateBehavior [ RunTime:0.002846s ]
INFO: [ view_parse ] --END-- [ RunTime:0.002905s ]
INFO: [ view_filter ] --START--
INFO: Run Behavior\WriteHtmlCacheBehavior [ RunTime:0.000081s ]
INFO: Run Behavior\TokenBuildBehavior [ RunTime:0.000054s ]
INFO: [ view_filter ] --END-- [ RunTime:0.000164s ]

[ 2016-07-25T21:51:09+08:00 ] 127.0.0.1 /tp_erp_shop/Admin/Index/index.html
INFO: [ app_init ] --START--
INFO: Run Behavior\BuildLiteBehavior [ RunTime:0.000015s ]
INFO: [ app_init ] --END-- [ RunTime:0.000125s ]
INFO: [ app_begin ] --START--
INFO: Run Behavior\ReadHtmlCacheBehavior [ RunTime:0.000049s ]
INFO: [ app_begin ] --END-- [ RunTime:0.000086s ]
SQL: SHOW COLUMNS FROM `admin_user` [ RunTime:0.0008s ]
INFO: [ view_parse ] --START--
INFO: [ template_filter ] --START--
INFO: Run Behavior\ContentReplaceBehavior [ RunTime:0.000217s ]
INFO: [ template_filter ] --END-- [ RunTime:0.000312s ]
INFO: Run Behavior\ParseTemplateBehavior [ RunTime:0.013189s ]
INFO: [ view_parse ] --END-- [ RunTime:0.013267s ]
INFO: [ view_filter ] --START--
INFO: Run Behavior\WriteHtmlCacheBehavior [ RunTime:0.000107s ]
INFO: Run Behavior\TokenBuildBehavior [ RunTime:0.000296s ]
INFO: [ view_filter ] --END-- [ RunTime:0.000456s ]
INFO: [ app_end ] --START--
INFO: Run Behavior\ShowPageTraceBehavior [ RunTime:0.000137s ]
INFO: [ app_end ] --END-- [ RunTime:0.000230s ]

[ 2016-07-25T21:51:09+08:00 ] 127.0.0.1 /tp_erp_shop/Admin/Index/main.html
INFO: [ app_init ] --START--
INFO: Run Behavior\BuildLiteBehavior [ RunTime:0.000008s ]
INFO: [ app_init ] --END-- [ RunTime:0.000053s ]
INFO: [ app_begin ] --START--
INFO: Run Behavior\ReadHtmlCacheBehavior [ RunTime:0.000020s ]
INFO: [ app_begin ] --END-- [ RunTime:0.000037s ]
SQL: SHOW COLUMNS FROM `admin_user` [ RunTime:0.0005s ]
INFO: [ view_parse ] --START--
INFO: [ template_filter ] --START--
INFO: Run Behavior\ContentReplaceBehavior [ RunTime:0.000446s ]
INFO: [ template_filter ] --END-- [ RunTime:0.000555s ]
INFO: Run Behavior\ParseTemplateBehavior [ RunTime:0.016838s ]
INFO: [ view_parse ] --END-- [ RunTime:0.017052s ]
INFO: [ view_filter ] --START--
INFO: Run Behavior\WriteHtmlCacheBehavior [ RunTime:0.000062s ]
INFO: Run Behavior\TokenBuildBehavior [ RunTime:0.000177s ]
INFO: [ view_filter ] --END-- [ RunTime:0.000333s ]
INFO: [ app_end ] --START--
INFO: Run Behavior\ShowPageTraceBehavior [ RunTime:0.000077s ]
INFO: [ app_end ] --END-- [ RunTime:0.000152s ]

[ 2016-07-25T21:51:10+08:00 ] 127.0.0.1 /tp_erp_shop/Admin/Index/skin-config.html
INFO: [ app_init ] --START--
INFO: Run Behavior\BuildLiteBehavior [ RunTime:0.000025s ]
INFO: [ app_init ] --END-- [ RunTime:0.000151s ]
INFO: [ app_begin ] --START--
INFO: Run Behavior\ReadHtmlCacheBehavior [ RunTime:0.000055s ]
INFO: [ app_begin ] --END-- [ RunTime:0.000100s ]
SQL: SHOW COLUMNS FROM `admin_user` [ RunTime:0.0005s ]
ERR: 非法操作:skin-config

[ 2016-07-25T21:51:32+08:00 ] 127.0.0.1 /tp_erp_shop/Admin/Business/index/type/1.html?v=3.0
INFO: [ app_init ] --START--
INFO: Run Behavior\BuildLiteBehavior [ RunTime:0.000013s ]
INFO: [ app_init ] --END-- [ RunTime:0.000088s ]
INFO: [ app_begin ] --START--
INFO: Run Behavior\ReadHtmlCacheBehavior [ RunTime:0.000043s ]
INFO: [ app_begin ] --END-- [ RunTime:0.000081s ]
SQL: SHOW COLUMNS FROM `admin_user` [ RunTime:0.0024s ]
SQL: SHOW COLUMNS FROM `business` [ RunTime:0.0005s ]
SQL: SELECT COUNT(*) AS tp_count FROM `business` WHERE `deleted_at` = 0 AND `type` = 1 LIMIT 1   [ RunTime:0.0005s ]
SQL: SELECT `id`,`name`,`type`,`level`,`settlement_type`,`settlement_date`,`st_receive_money`,`st_period_receive_money`,`contact_name`,`contact_mobile`,`address`,`memo`,`created_at`,`updated_at`,`deleted_at` FROM `business` WHERE `deleted_at` = 0 AND `type` = 1 ORDER BY id desc LIMIT 0,30   [ RunTime:0.0012s ]
INFO: [ view_parse ] --START--
INFO: [ template_filter ] --START--
INFO: Run Behavior\ContentReplaceBehavior [ RunTime:0.000074s ]
INFO: [ template_filter ] --END-- [ RunTime:0.000118s ]
NOTIC: [8] Undefined variable: paramstr /var/www/tp_erp_shop/Runtime/Cache/Admin/bdc580dd6f251141610d63d3d86c0e3e.php 第 77 行.
NOTIC: [8] Undefined variable: paramstr /var/www/tp_erp_shop/Runtime/Cache/Admin/bdc580dd6f251141610d63d3d86c0e3e.php 第 79 行.
INFO: Run Behavior\ParseTemplateBehavior [ RunTime:0.009289s ]
INFO: [ view_parse ] --END-- [ RunTime:0.009352s ]
INFO: [ view_filter ] --START--
INFO: Run Behavior\WriteHtmlCacheBehavior [ RunTime:0.000089s ]
INFO: Run Behavior\TokenBuildBehavior [ RunTime:0.000166s ]
INFO: [ view_filter ] --END-- [ RunTime:0.000292s ]
INFO: [ app_end ] --START--
INFO: Run Behavior\ShowPageTraceBehavior [ RunTime:0.000220s ]
INFO: [ app_end ] --END-- [ RunTime:0.000335s ]

[ 2016-07-25T21:51:35+08:00 ] 127.0.0.1 /tp_erp_shop/Admin/Business/edit/type/1/id/7.html
INFO: [ app_init ] --START--
INFO: Run Behavior\BuildLiteBehavior [ RunTime:0.000008s ]
INFO: [ app_init ] --END-- [ RunTime:0.000053s ]
INFO: [ app_begin ] --START--
INFO: Run Behavior\ReadHtmlCacheBehavior [ RunTime:0.000024s ]
INFO: [ app_begin ] --END-- [ RunTime:0.000042s ]
SQL: SHOW COLUMNS FROM `admin_user` [ RunTime:0.0004s ]
SQL: SHOW COLUMNS FROM `business` [ RunTime:0.0005s ]
SQL: SELECT * FROM `business` WHERE `id` = 7 LIMIT 1   [ RunTime:0.0012s ]
INFO: [ view_parse ] --START--
INFO: [ template_filter ] --START--
INFO: Run Behavior\ContentReplaceBehavior [ RunTime:0.000078s ]
INFO: [ template_filter ] --END-- [ RunTime:0.000116s ]
INFO: Run Behavior\ParseTemplateBehavior [ RunTime:0.003781s ]
INFO: [ view_parse ] --END-- [ RunTime:0.003835s ]
INFO: [ view_filter ] --START--
INFO: Run Behavior\WriteHtmlCacheBehavior [ RunTime:0.000038s ]
INFO: Run Behavior\TokenBuildBehavior [ RunTime:0.000084s ]
INFO: [ view_filter ] --END-- [ RunTime:0.000148s ]
INFO: [ app_end ] --START--
INFO: Run Behavior\ShowPageTraceBehavior [ RunTime:0.000098s ]
INFO: [ app_end ] --END-- [ RunTime:0.000131s ]

[ 2016-07-25T21:51:39+08:00 ] 127.0.0.1 /tp_erp_shop/Admin/Business/save/method/edit.html
INFO: [ app_init ] --START--
INFO: Run Behavior\BuildLiteBehavior [ RunTime:0.000008s ]
INFO: [ app_init ] --END-- [ RunTime:0.000060s ]
INFO: [ app_begin ] --START--
INFO: Run Behavior\ReadHtmlCacheBehavior [ RunTime:0.000020s ]
INFO: [ app_begin ] --END-- [ RunTime:0.000037s ]
SQL: SHOW COLUMNS FROM `admin_user` [ RunTime:0.0005s ]
SQL: SHOW COLUMNS FROM `business` [ RunTime:0.0004s ]
NOTIC: [8] Undefined index: validate /var/www/tp_erp_shop/ThinkPHP/Library/Think/Model.class.php 第 1185 行.
NOTIC: [8] Undefined index: auto /var/www/tp_erp_shop/ThinkPHP/Library/Think/Model.class.php 第 1128 行.
SQL: UPDATE `business` SET `type`='1',`name`='细节',`address`='13',`level`='1',`settlement_date`='2016-07-08',`st_receive_money`='0',`contact_name`='12313',`contact_mobile`='123',`settlement_type`='3',`st_period_receive_money`='0',`memo`='123123132',`updated_at`='2016-07-25 21:51:39' WHERE `id` = 7 [ RunTime:0.0019s ]

[ 2016-07-25T21:51:47+08:00 ] 127.0.0.1 /tp_erp_shop/Admin/Business/add/type/1.html
INFO: [ app_init ] --START--
INFO: Run Behavior\BuildLiteBehavior [ RunTime:0.000008s ]
INFO: [ app_init ] --END-- [ RunTime:0.000052s ]
INFO: [ app_begin ] --START--
INFO: Run Behavior\ReadHtmlCacheBehavior [ RunTime:0.000033s ]
INFO: [ app_begin ] --END-- [ RunTime:0.000061s ]
SQL: SHOW COLUMNS FROM `admin_user` [ RunTime:0.0008s ]
SQL: SHOW COLUMNS FROM `business` [ RunTime:0.0005s ]
INFO: [ view_parse ] --START--
INFO: [ template_filter ] --START--
INFO: Run Behavior\ContentReplaceBehavior [ RunTime:0.000127s ]
INFO: [ template_filter ] --END-- [ RunTime:0.000223s ]
INFO: Run Behavior\ParseTemplateBehavior [ RunTime:0.010916s ]
INFO: [ view_parse ] --END-- [ RunTime:0.010977s ]
INFO: [ view_filter ] --START--
INFO: Run Behavior\WriteHtmlCacheBehavior [ RunTime:0.000059s ]
INFO: Run Behavior\TokenBuildBehavior [ RunTime:0.000113s ]
INFO: [ view_filter ] --END-- [ RunTime:0.000204s ]
INFO: [ app_end ] --START--
INFO: Run Behavior\ShowPageTraceBehavior [ RunTime:0.000086s ]
INFO: [ app_end ] --END-- [ RunTime:0.000190s ]

[ 2016-07-25T21:51:51+08:00 ] 127.0.0.1 /tp_erp_shop/Admin/Business/index/type/1.html?v=3.0
INFO: [ app_init ] --START--
INFO: Run Behavior\BuildLiteBehavior [ RunTime:0.000014s ]
INFO: [ app_init ] --END-- [ RunTime:0.000093s ]
INFO: [ app_begin ] --START--
INFO: Run Behavior\ReadHtmlCacheBehavior [ RunTime:0.000029s ]
INFO: [ app_begin ] --END-- [ RunTime:0.000053s ]
SQL: SHOW COLUMNS FROM `admin_user` [ RunTime:0.0009s ]
SQL: SHOW COLUMNS FROM `business` [ RunTime:0.0005s ]
SQL: SELECT COUNT(*) AS tp_count FROM `business` WHERE `deleted_at` = 0 AND `type` = 1 LIMIT 1   [ RunTime:0.0019s ]
SQL: SELECT `id`,`name`,`type`,`level`,`settlement_type`,`settlement_date`,`st_receive_money`,`st_period_receive_money`,`contact_name`,`contact_mobile`,`address`,`memo`,`created_at`,`updated_at`,`deleted_at` FROM `business` WHERE `deleted_at` = 0 AND `type` = 1 ORDER BY id desc LIMIT 0,30   [ RunTime:0.0008s ]
INFO: [ view_parse ] --START--
INFO: [ template_filter ] --START--
INFO: Run Behavior\ContentReplaceBehavior [ RunTime:0.000264s ]
INFO: [ template_filter ] --END-- [ RunTime:0.000413s ]
NOTIC: [8] Undefined variable: paramstr /var/www/tp_erp_shop/Runtime/Cache/Admin/bdc580dd6f251141610d63d3d86c0e3e.php 第 77 行.
NOTIC: [8] Undefined variable: paramstr /var/www/tp_erp_shop/Runtime/Cache/Admin/bdc580dd6f251141610d63d3d86c0e3e.php 第 79 行.
INFO: Run Behavior\ParseTemplateBehavior [ RunTime:0.011526s ]
INFO: [ view_parse ] --END-- [ RunTime:0.011597s ]
INFO: [ view_filter ] --START--
INFO: Run Behavior\WriteHtmlCacheBehavior [ RunTime:0.000092s ]
INFO: Run Behavior\TokenBuildBehavior [ RunTime:0.000146s ]
INFO: [ view_filter ] --END-- [ RunTime:0.000332s ]
INFO: [ app_end ] --START--
INFO: Run Behavior\ShowPageTraceBehavior [ RunTime:0.000261s ]
INFO: [ app_end ] --END-- [ RunTime:0.000308s ]

[ 2016-07-25T22:24:10+08:00 ] 127.0.0.1 /tp_erp_shop/Admin/Business/index/type/1.html?v=3.0
INFO: [ app_init ] --START--
INFO: Run Behavior\BuildLiteBehavior [ RunTime:0.000011s ]
INFO: [ app_init ] --END-- [ RunTime:0.000100s ]
INFO: [ app_begin ] --START--
INFO: Run Behavior\ReadHtmlCacheBehavior [ RunTime:0.000037s ]
INFO: [ app_begin ] --END-- [ RunTime:0.000085s ]
SQL: SHOW COLUMNS FROM `admin_user` [ RunTime:0.0007s ]
SQL: SHOW COLUMNS FROM `business` [ RunTime:0.0007s ]
SQL: SELECT COUNT(*) AS tp_count FROM `business` WHERE `deleted_at` = 0 AND `type` = 1 LIMIT 1   [ RunTime:0.0003s ]
SQL: SELECT `id`,`name`,`type`,`level`,`settlement_type`,`settlement_date`,`st_receive_money`,`st_period_receive_money`,`contact_name`,`contact_mobile`,`address`,`memo`,`created_at`,`updated_at`,`deleted_at` FROM `business` WHERE `deleted_at` = 0 AND `type` = 1 ORDER BY id desc LIMIT 0,30   [ RunTime:0.0007s ]
INFO: [ view_parse ] --START--
INFO: [ template_filter ] --START--
INFO: Run Behavior\ContentReplaceBehavior [ RunTime:0.000141s ]
INFO: [ template_filter ] --END-- [ RunTime:0.000232s ]
NOTIC: [8] Undefined variable: paramstr /var/www/tp_erp_shop/Runtime/Cache/Admin/bdc580dd6f251141610d63d3d86c0e3e.php 第 77 行.
NOTIC: [8] Undefined variable: paramstr /var/www/tp_erp_shop/Runtime/Cache/Admin/bdc580dd6f251141610d63d3d86c0e3e.php 第 79 行.
INFO: Run Behavior\ParseTemplateBehavior [ RunTime:0.010208s ]
INFO: [ view_parse ] --END-- [ RunTime:0.010315s ]
INFO: [ view_filter ] --START--
INFO: Run Behavior\WriteHtmlCacheBehavior [ RunTime:0.000155s ]
INFO: Run Behavior\TokenBuildBehavior [ RunTime:0.000380s ]
INFO: [ view_filter ] --END-- [ RunTime:0.000635s ]
INFO: [ app_end ] --START--
INFO: Run Behavior\ShowPageTraceBehavior [ RunTime:0.000370s ]
INFO: [ app_end ] --END-- [ RunTime:0.000503s ]

[ 2016-07-25T22:24:15+08:00 ] 127.0.0.1 /tp_erp_shop/Admin/Business/delete/type/1/ids/7.html
INFO: [ app_init ] --START--
INFO: Run Behavior\BuildLiteBehavior [ RunTime:0.000008s ]
INFO: [ app_init ] --END-- [ RunTime:0.000059s ]
INFO: [ app_begin ] --START--
INFO: Run Behavior\ReadHtmlCacheBehavior [ RunTime:0.000026s ]
INFO: [ app_begin ] --END-- [ RunTime:0.000048s ]
SQL: SHOW COLUMNS FROM `admin_user` [ RunTime:0.0006s ]
SQL: SHOW COLUMNS FROM `business` [ RunTime:0.0006s ]
SQL: UPDATE `business` SET `deleted_at`='2016-07-25 22:24:15' WHERE `id` IN ('7') [ RunTime:0.0029s ]

[ 2016-07-25T22:24:18+08:00 ] 127.0.0.1 /tp_erp_shop/Admin/Business/index/type/1.html?v=3.0
INFO: [ app_init ] --START--
INFO: Run Behavior\BuildLiteBehavior [ RunTime:0.000011s ]
INFO: [ app_init ] --END-- [ RunTime:0.000068s ]
INFO: [ app_begin ] --START--
INFO: Run Behavior\ReadHtmlCacheBehavior [ RunTime:0.000041s ]
INFO: [ app_begin ] --END-- [ RunTime:0.000080s ]
SQL: SHOW COLUMNS FROM `admin_user` [ RunTime:0.0026s ]
SQL: SHOW COLUMNS FROM `business` [ RunTime:0.0006s ]
SQL: SELECT COUNT(*) AS tp_count FROM `business` WHERE `deleted_at` = 0 AND `type` = 1 LIMIT 1   [ RunTime:0.0004s ]
SQL: SELECT `id`,`name`,`type`,`level`,`settlement_type`,`settlement_date`,`st_receive_money`,`st_period_receive_money`,`contact_name`,`contact_mobile`,`address`,`memo`,`created_at`,`updated_at`,`deleted_at` FROM `business` WHERE `deleted_at` = 0 AND `type` = 1 ORDER BY id desc LIMIT 0,30   [ RunTime:0.0003s ]
INFO: [ view_parse ] --START--
INFO: [ template_filter ] --START--
INFO: Run Behavior\ContentReplaceBehavior [ RunTime:0.000704s ]
INFO: [ template_filter ] --END-- [ RunTime:0.000772s ]
NOTIC: [8] Undefined variable: paramstr /var/www/tp_erp_shop/Runtime/Cache/Admin/bdc580dd6f251141610d63d3d86c0e3e.php 第 77 行.
NOTIC: [8] Undefined variable: paramstr /var/www/tp_erp_shop/Runtime/Cache/Admin/bdc580dd6f251141610d63d3d86c0e3e.php 第 79 行.
INFO: Run Behavior\ParseTemplateBehavior [ RunTime:0.008559s ]
INFO: [ view_parse ] --END-- [ RunTime:0.008595s ]
INFO: [ view_filter ] --START--
INFO: Run Behavior\WriteHtmlCacheBehavior [ RunTime:0.000034s ]
INFO: Run Behavior\TokenBuildBehavior [ RunTime:0.000081s ]
INFO: [ view_filter ] --END-- [ RunTime:0.000139s ]
INFO: [ app_end ] --START--
INFO: Run Behavior\ShowPageTraceBehavior [ RunTime:0.000031s ]
INFO: [ app_end ] --END-- [ RunTime:0.000063s ]

[ 2016-07-25T22:24:19+08:00 ] 127.0.0.1 /tp_erp_shop/Admin/Business/delete/type/1/ids/6.html
INFO: [ app_init ] --START--
INFO: Run Behavior\BuildLiteBehavior [ RunTime:0.000010s ]
INFO: [ app_init ] --END-- [ RunTime:0.000072s ]
INFO: [ app_begin ] --START--
INFO: Run Behavior\ReadHtmlCacheBehavior [ RunTime:0.000041s ]
INFO: [ app_begin ] --END-- [ RunTime:0.000087s ]
SQL: SHOW COLUMNS FROM `admin_user` [ RunTime:0.0007s ]
SQL: SHOW COLUMNS FROM `business` [ RunTime:0.0009s ]
SQL: UPDATE `business` SET `deleted_at`='2016-07-25 22:24:19' WHERE `id` IN ('6') [ RunTime:0.0012s ]

[ 2016-07-25T22:24:21+08:00 ] 127.0.0.1 /tp_erp_shop/Admin/Business/index/type/1.html?v=3.0
INFO: [ app_init ] --START--
INFO: Run Behavior\BuildLiteBehavior [ RunTime:0.000010s ]
INFO: [ app_init ] --END-- [ RunTime:0.000104s ]
INFO: [ app_begin ] --START--
INFO: Run Behavior\ReadHtmlCacheBehavior [ RunTime:0.000027s ]
INFO: [ app_begin ] --END-- [ RunTime:0.000051s ]
SQL: SHOW COLUMNS FROM `admin_user` [ RunTime:0.0005s ]
SQL: SHOW COLUMNS FROM `business` [ RunTime:0.0005s ]
SQL: SELECT COUNT(*) AS tp_count FROM `business` WHERE `deleted_at` = 0 AND `type` = 1 LIMIT 1   [ RunTime:0.0003s ]
SQL: SELECT `id`,`name`,`type`,`level`,`settlement_type`,`settlement_date`,`st_receive_money`,`st_period_receive_money`,`contact_name`,`contact_mobile`,`address`,`memo`,`created_at`,`updated_at`,`deleted_at` FROM `business` WHERE `deleted_at` = 0 AND `type` = 1 ORDER BY id desc LIMIT 0,30   [ RunTime:0.0003s ]
INFO: [ view_parse ] --START--
INFO: [ template_filter ] --START--
INFO: Run Behavior\ContentReplaceBehavior [ RunTime:0.000124s ]
INFO: [ template_filter ] --END-- [ RunTime:0.000207s ]
NOTIC: [8] Undefined variable: paramstr /var/www/tp_erp_shop/Runtime/Cache/Admin/bdc580dd6f251141610d63d3d86c0e3e.php 第 77 行.
NOTIC: [8] Undefined variable: paramstr /var/www/tp_erp_shop/Runtime/Cache/Admin/bdc580dd6f251141610d63d3d86c0e3e.php 第 79 行.
INFO: Run Behavior\ParseTemplateBehavior [ RunTime:0.007440s ]
INFO: [ view_parse ] --END-- [ RunTime:0.007474s ]
INFO: [ view_filter ] --START--
INFO: Run Behavior\WriteHtmlCacheBehavior [ RunTime:0.000050s ]
INFO: Run Behavior\TokenBuildBehavior [ RunTime:0.000084s ]
INFO: [ view_filter ] --END-- [ RunTime:0.000164s ]
INFO: [ app_end ] --START--
INFO: Run Behavior\ShowPageTraceBehavior [ RunTime:0.000082s ]
INFO: [ app_end ] --END-- [ RunTime:0.000150s ]

[ 2016-07-25T22:28:56+08:00 ] 127.0.0.1 /tp_erp_shop/Admin/Business/index/type/1.html?v=3.0
INFO: [ app_init ] --START--
INFO: Run Behavior\BuildLiteBehavior [ RunTime:0.000010s ]
INFO: [ app_init ] --END-- [ RunTime:0.000063s ]
INFO: [ app_begin ] --START--
INFO: Run Behavior\ReadHtmlCacheBehavior [ RunTime:0.000026s ]
INFO: [ app_begin ] --END-- [ RunTime:0.000048s ]
SQL: SHOW COLUMNS FROM `admin_user` [ RunTime:0.0008s ]
SQL: SHOW COLUMNS FROM `business` [ RunTime:0.0023s ]
SQL: SELECT COUNT(*) AS tp_count FROM `business` WHERE `deleted_at` = 0 AND `type` = 1 LIMIT 1   [ RunTime:0.0009s ]
SQL: SELECT `id`,`name`,`type`,`level`,`settlement_type`,`settlement_date`,`st_receive_money`,`st_period_receive_money`,`contact_name`,`contact_mobile`,`address`,`memo`,`created_at`,`updated_at`,`deleted_at` FROM `business` WHERE `deleted_at` = 0 AND `type` = 1 ORDER BY id desc LIMIT 0,30   [ RunTime:0.0002s ]
INFO: [ view_parse ] --START--
INFO: [ template_filter ] --START--
INFO: Run Behavior\ContentReplaceBehavior [ RunTime:0.000124s ]
INFO: [ template_filter ] --END-- [ RunTime:0.000167s ]
NOTIC: [8] Undefined variable: paramstr /var/www/tp_erp_shop/Runtime/Cache/Admin/bdc580dd6f251141610d63d3d86c0e3e.php 第 77 行.
NOTIC: [8] Undefined variable: paramstr /var/www/tp_erp_shop/Runtime/Cache/Admin/bdc580dd6f251141610d63d3d86c0e3e.php 第 79 行.
INFO: Run Behavior\ParseTemplateBehavior [ RunTime:0.009035s ]
INFO: [ view_parse ] --END-- [ RunTime:0.009209s ]
INFO: [ view_filter ] --START--
INFO: Run Behavior\WriteHtmlCacheBehavior [ RunTime:0.000085s ]
INFO: Run Behavior\TokenBuildBehavior [ RunTime:0.000125s ]
INFO: [ view_filter ] --END-- [ RunTime:0.000263s ]
INFO: [ app_end ] --START--
INFO: Run Behavior\ShowPageTraceBehavior [ RunTime:0.000455s ]
INFO: [ app_end ] --END-- [ RunTime:0.000655s ]

[ 2016-07-25T22:29:01+08:00 ] 127.0.0.1 /tp_erp_shop/Admin/Business/delete/type/1/ids/5.html
INFO: [ app_init ] --START--
INFO: Run Behavior\BuildLiteBehavior [ RunTime:0.000010s ]
INFO: [ app_init ] --END-- [ RunTime:0.000068s ]
INFO: [ app_begin ] --START--
INFO: Run Behavior\ReadHtmlCacheBehavior [ RunTime:0.000024s ]
INFO: [ app_begin ] --END-- [ RunTime:0.000043s ]
SQL: SHOW COLUMNS FROM `admin_user` [ RunTime:0.0005s ]
SQL: SHOW COLUMNS FROM `business` [ RunTime:0.0005s ]
SQL: UPDATE `business` SET `deleted_at`='2016-07-25 22:29:01' WHERE `id` IN ('5') [ RunTime:0.0042s ]

[ 2016-07-25T22:29:09+08:00 ] 127.0.0.1 /tp_erp_shop/Admin/Business/index/type/1.html?v=3.0
INFO: [ app_init ] --START--
INFO: Run Behavior\BuildLiteBehavior [ RunTime:0.000011s ]
INFO: [ app_init ] --END-- [ RunTime:0.000080s ]
INFO: [ app_begin ] --START--
INFO: Run Behavior\ReadHtmlCacheBehavior [ RunTime:0.000038s ]
INFO: [ app_begin ] --END-- [ RunTime:0.000071s ]
SQL: SHOW COLUMNS FROM `admin_user` [ RunTime:0.0005s ]
SQL: SHOW COLUMNS FROM `business` [ RunTime:0.0007s ]
SQL: SELECT COUNT(*) AS tp_count FROM `business` WHERE `deleted_at` = 0 AND `type` = 1 LIMIT 1   [ RunTime:0.0003s ]
SQL: SELECT `id`,`name`,`type`,`level`,`settlement_type`,`settlement_date`,`st_receive_money`,`st_period_receive_money`,`contact_name`,`contact_mobile`,`address`,`memo`,`created_at`,`updated_at`,`deleted_at` FROM `business` WHERE `deleted_at` = 0 AND `type` = 1 ORDER BY id desc LIMIT 0,30   [ RunTime:0.0003s ]
INFO: [ view_parse ] --START--
INFO: [ template_filter ] --START--
INFO: Run Behavior\ContentReplaceBehavior [ RunTime:0.000073s ]
INFO: [ template_filter ] --END-- [ RunTime:0.000111s ]
NOTIC: [8] Undefined variable: paramstr /var/www/tp_erp_shop/Runtime/Cache/Admin/bdc580dd6f251141610d63d3d86c0e3e.php 第 77 行.
NOTIC: [8] Undefined variable: paramstr /var/www/tp_erp_shop/Runtime/Cache/Admin/bdc580dd6f251141610d63d3d86c0e3e.php 第 79 行.
INFO: Run Behavior\ParseTemplateBehavior [ RunTime:0.008055s ]
INFO: [ view_parse ] --END-- [ RunTime:0.008098s ]
INFO: [ view_filter ] --START--
INFO: Run Behavior\WriteHtmlCacheBehavior [ RunTime:0.000071s ]
INFO: Run Behavior\TokenBuildBehavior [ RunTime:0.000088s ]
INFO: [ view_filter ] --END-- [ RunTime:0.000194s ]
INFO: [ app_end ] --START--
INFO: Run Behavior\ShowPageTraceBehavior [ RunTime:0.000100s ]
INFO: [ app_end ] --END-- [ RunTime:0.000190s ]

[ 2016-07-25T22:31:39+08:00 ] 127.0.0.1 /tp_erp_shop/Admin/Business/index/type/1.html?v=3.0
INFO: [ app_init ] --START--
INFO: Run Behavior\BuildLiteBehavior [ RunTime:0.000010s ]
INFO: [ app_init ] --END-- [ RunTime:0.000062s ]
INFO: [ app_begin ] --START--
INFO: Run Behavior\ReadHtmlCacheBehavior [ RunTime:0.000027s ]
INFO: [ app_begin ] --END-- [ RunTime:0.000053s ]
SQL: SHOW COLUMNS FROM `admin_user` [ RunTime:0.0006s ]
SQL: SHOW COLUMNS FROM `business` [ RunTime:0.0007s ]
SQL: SELECT COUNT(*) AS tp_count FROM `business` WHERE `deleted_at` = 0 AND `type` = 1 LIMIT 1   [ RunTime:0.0001s ]
SQL: SELECT `id`,`name`,`type`,`level`,`settlement_type`,`settlement_date`,`st_receive_money`,`st_period_receive_money`,`contact_name`,`contact_mobile`,`address`,`memo`,`created_at`,`updated_at`,`deleted_at` FROM `business` WHERE `deleted_at` = 0 AND `type` = 1 ORDER BY id desc LIMIT 0,30   [ RunTime:0.0000s ]
INFO: [ view_parse ] --START--
INFO: [ template_filter ] --START--
INFO: Run Behavior\ContentReplaceBehavior [ RunTime:0.000071s ]
INFO: [ template_filter ] --END-- [ RunTime:0.000107s ]
NOTIC: [8] Undefined variable: paramstr /var/www/tp_erp_shop/Runtime/Cache/Admin/bdc580dd6f251141610d63d3d86c0e3e.php 第 77 行.
NOTIC: [8] Undefined variable: paramstr /var/www/tp_erp_shop/Runtime/Cache/Admin/bdc580dd6f251141610d63d3d86c0e3e.php 第 79 行.
INFO: Run Behavior\ParseTemplateBehavior [ RunTime:0.004714s ]
INFO: [ view_parse ] --END-- [ RunTime:0.004749s ]
INFO: [ view_filter ] --START--
INFO: Run Behavior\WriteHtmlCacheBehavior [ RunTime:0.000042s ]
INFO: Run Behavior\TokenBuildBehavior [ RunTime:0.000585s ]
INFO: [ view_filter ] --END-- [ RunTime:0.000670s ]
INFO: [ app_end ] --START--
INFO: Run Behavior\ShowPageTraceBehavior [ RunTime:0.000093s ]
INFO: [ app_end ] --END-- [ RunTime:0.000135s ]

[ 2016-07-25T22:31:49+08:00 ] 127.0.0.1 /tp_erp_shop/Admin/Business/delete/type/1/ids/1.html
INFO: [ app_init ] --START--
INFO: Run Behavior\BuildLiteBehavior [ RunTime:0.000011s ]
INFO: [ app_init ] --END-- [ RunTime:0.000102s ]
INFO: [ app_begin ] --START--
INFO: Run Behavior\ReadHtmlCacheBehavior [ RunTime:0.000030s ]
INFO: [ app_begin ] --END-- [ RunTime:0.000051s ]
SQL: SHOW COLUMNS FROM `admin_user` [ RunTime:0.0005s ]
SQL: SHOW COLUMNS FROM `business` [ RunTime:0.0007s ]
SQL: UPDATE `business` SET `deleted_at`='2016-07-25 22:31:49' WHERE `id` IN ('1') [ RunTime:0.0005s ]

[ 2016-07-25T22:32:24+08:00 ] 127.0.0.1 /tp_erp_shop/Admin/Index/index.html
INFO: [ app_init ] --START--
INFO: Run Behavior\BuildLiteBehavior [ RunTime:0.000035s ]
INFO: [ app_init ] --END-- [ RunTime:0.000087s ]
INFO: [ app_begin ] --START--
INFO: Run Behavior\ReadHtmlCacheBehavior [ RunTime:0.000026s ]
INFO: [ app_begin ] --END-- [ RunTime:0.000047s ]
SQL: SHOW COLUMNS FROM `admin_user` [ RunTime:0.0006s ]
INFO: [ view_parse ] --START--
INFO: [ template_filter ] --START--
INFO: Run Behavior\ContentReplaceBehavior [ RunTime:0.000224s ]
INFO: [ template_filter ] --END-- [ RunTime:0.000274s ]
INFO: Run Behavior\ParseTemplateBehavior [ RunTime:0.010755s ]
INFO: [ view_parse ] --END-- [ RunTime:0.010798s ]
INFO: [ view_filter ] --START--
INFO: Run Behavior\WriteHtmlCacheBehavior [ RunTime:0.000040s ]
INFO: Run Behavior\TokenBuildBehavior [ RunTime:0.000161s ]
INFO: [ view_filter ] --END-- [ RunTime:0.000226s ]
INFO: [ app_end ] --START--
INFO: Run Behavior\ShowPageTraceBehavior [ RunTime:0.000023s ]
INFO: [ app_end ] --END-- [ RunTime:0.000042s ]

[ 2016-07-25T22:32:25+08:00 ] 127.0.0.1 /tp_erp_shop/Admin/Index/main.html
INFO: [ app_init ] --START--
INFO: Run Behavior\BuildLiteBehavior [ RunTime:0.000007s ]
INFO: [ app_init ] --END-- [ RunTime:0.000064s ]
INFO: [ app_begin ] --START--
INFO: Run Behavior\ReadHtmlCacheBehavior [ RunTime:0.000021s ]
INFO: [ app_begin ] --END-- [ RunTime:0.000043s ]
SQL: SHOW COLUMNS FROM `admin_user` [ RunTime:0.0007s ]
INFO: [ view_parse ] --START--
INFO: [ template_filter ] --START--
INFO: Run Behavior\ContentReplaceBehavior [ RunTime:0.000574s ]
INFO: [ template_filter ] --END-- [ RunTime:0.000648s ]
INFO: Run Behavior\ParseTemplateBehavior [ RunTime:0.021336s ]
INFO: [ view_parse ] --END-- [ RunTime:0.021380s ]
INFO: [ view_filter ] --START--
INFO: Run Behavior\WriteHtmlCacheBehavior [ RunTime:0.000034s ]
INFO: Run Behavior\TokenBuildBehavior [ RunTime:0.000118s ]
INFO: [ view_filter ] --END-- [ RunTime:0.000176s ]
INFO: [ app_end ] --START--
INFO: Run Behavior\ShowPageTraceBehavior [ RunTime:0.000030s ]
INFO: [ app_end ] --END-- [ RunTime:0.000053s ]

[ 2016-07-25T22:32:26+08:00 ] 127.0.0.1 /tp_erp_shop/Admin/Index/skin-config.html
INFO: [ app_init ] --START--
INFO: Run Behavior\BuildLiteBehavior [ RunTime:0.000010s ]
INFO: [ app_init ] --END-- [ RunTime:0.000067s ]
INFO: [ app_begin ] --START--
INFO: Run Behavior\ReadHtmlCacheBehavior [ RunTime:0.000044s ]
INFO: [ app_begin ] --END-- [ RunTime:0.000096s ]
SQL: SHOW COLUMNS FROM `admin_user` [ RunTime:0.0005s ]
ERR: 非法操作:skin-config

[ 2016-07-25T22:36:26+08:00 ] 127.0.0.1 /tp_erp_shop/Admin/Business/index/type/1.html?v=3.0
INFO: [ app_init ] --START--
INFO: Run Behavior\BuildLiteBehavior [ RunTime:0.000008s ]
INFO: [ app_init ] --END-- [ RunTime:0.000055s ]
INFO: [ app_begin ] --START--
INFO: Run Behavior\ReadHtmlCacheBehavior [ RunTime:0.000023s ]
INFO: [ app_begin ] --END-- [ RunTime:0.000045s ]
SQL: SHOW COLUMNS FROM `admin_user` [ RunTime:0.0005s ]
SQL: SHOW COLUMNS FROM `business` [ RunTime:0.0005s ]
SQL: SELECT COUNT(*) AS tp_count FROM `business` WHERE `deleted_at` = 0 AND `type` = 1 LIMIT 1   [ RunTime:0.0003s ]
SQL: SELECT `id`,`name`,`type`,`level`,`settlement_type`,`settlement_date`,`st_receive_money`,`st_period_receive_money`,`contact_name`,`contact_mobile`,`address`,`memo`,`created_at`,`updated_at`,`deleted_at` FROM `business` WHERE `deleted_at` = 0 AND `type` = 1 ORDER BY id desc LIMIT 0,30   [ RunTime:0.0003s ]
INFO: [ view_parse ] --START--
INFO: [ template_filter ] --START--
INFO: Run Behavior\ContentReplaceBehavior [ RunTime:0.000111s ]
INFO: [ template_filter ] --END-- [ RunTime:0.000198s ]
NOTIC: [8] Undefined variable: paramstr /var/www/tp_erp_shop/Runtime/Cache/Admin/bdc580dd6f251141610d63d3d86c0e3e.php 第 77 行.
NOTIC: [8] Undefined variable: paramstr /var/www/tp_erp_shop/Runtime/Cache/Admin/bdc580dd6f251141610d63d3d86c0e3e.php 第 79 行.
INFO: Run Behavior\ParseTemplateBehavior [ RunTime:0.008707s ]
INFO: [ view_parse ] --END-- [ RunTime:0.008744s ]
INFO: [ view_filter ] --START--
INFO: Run Behavior\WriteHtmlCacheBehavior [ RunTime:0.000047s ]
INFO: Run Behavior\TokenBuildBehavior [ RunTime:0.000107s ]
INFO: [ view_filter ] --END-- [ RunTime:0.000183s ]
INFO: [ app_end ] --START--
INFO: Run Behavior\ShowPageTraceBehavior [ RunTime:0.000068s ]
INFO: [ app_end ] --END-- [ RunTime:0.000119s ]

[ 2016-07-25T22:36:30+08:00 ] 127.0.0.1 /tp_erp_shop/Admin/Business/delete/type/1/ids/6.html
INFO: [ app_init ] --START--
INFO: Run Behavior\BuildLiteBehavior [ RunTime:0.000013s ]
INFO: [ app_init ] --END-- [ RunTime:0.000158s ]
INFO: [ app_begin ] --START--
INFO: Run Behavior\ReadHtmlCacheBehavior [ RunTime:0.000030s ]
INFO: [ app_begin ] --END-- [ RunTime:0.000051s ]
SQL: SHOW COLUMNS FROM `admin_user` [ RunTime:0.0005s ]
SQL: SHOW COLUMNS FROM `business` [ RunTime:0.0005s ]
SQL: UPDATE `business` SET `deleted_at`='2016-07-25 22:36:30' WHERE `id` IN ('6') [ RunTime:0.0040s ]

[ 2016-07-25T22:36:31+08:00 ] 127.0.0.1 /tp_erp_shop/Admin/Business/index/type/1.html?v=3.0
INFO: [ app_init ] --START--
INFO: Run Behavior\BuildLiteBehavior [ RunTime:0.000022s ]
INFO: [ app_init ] --END-- [ RunTime:0.000150s ]
INFO: [ app_begin ] --START--
INFO: Run Behavior\ReadHtmlCacheBehavior [ RunTime:0.000067s ]
INFO: [ app_begin ] --END-- [ RunTime:0.000119s ]
SQL: SHOW COLUMNS FROM `admin_user` [ RunTime:0.0010s ]
SQL: SHOW COLUMNS FROM `business` [ RunTime:0.0010s ]
SQL: SELECT COUNT(*) AS tp_count FROM `business` WHERE `deleted_at` = 0 AND `type` = 1 LIMIT 1   [ RunTime:0.0007s ]
SQL: SELECT `id`,`name`,`type`,`level`,`settlement_type`,`settlement_date`,`st_receive_money`,`st_period_receive_money`,`contact_name`,`contact_mobile`,`address`,`memo`,`created_at`,`updated_at`,`deleted_at` FROM `business` WHERE `deleted_at` = 0 AND `type` = 1 ORDER BY id desc LIMIT 0,30   [ RunTime:0.0005s ]
INFO: [ view_parse ] --START--
INFO: [ template_filter ] --START--
INFO: Run Behavior\ContentReplaceBehavior [ RunTime:0.000093s ]
INFO: [ template_filter ] --END-- [ RunTime:0.000149s ]
NOTIC: [8] Undefined variable: paramstr /var/www/tp_erp_shop/Runtime/Cache/Admin/bdc580dd6f251141610d63d3d86c0e3e.php 第 77 行.
NOTIC: [8] Undefined variable: paramstr /var/www/tp_erp_shop/Runtime/Cache/Admin/bdc580dd6f251141610d63d3d86c0e3e.php 第 79 行.
INFO: Run Behavior\ParseTemplateBehavior [ RunTime:0.005705s ]
INFO: [ view_parse ] --END-- [ RunTime:0.005745s ]
INFO: [ view_filter ] --START--
INFO: Run Behavior\WriteHtmlCacheBehavior [ RunTime:0.000044s ]
INFO: Run Behavior\TokenBuildBehavior [ RunTime:0.000094s ]
INFO: [ view_filter ] --END-- [ RunTime:0.000165s ]
INFO: [ app_end ] --START--
INFO: Run Behavior\ShowPageTraceBehavior [ RunTime:0.000071s ]
INFO: [ app_end ] --END-- [ RunTime:0.000139s ]

[ 2016-07-25T22:36:42+08:00 ] 127.0.0.1 /tp_erp_shop/Admin/Business/delete/type/1/ids/7.html
INFO: [ app_init ] --START--
INFO: Run Behavior\BuildLiteBehavior [ RunTime:0.000017s ]
INFO: [ app_init ] --END-- [ RunTime:0.000192s ]
INFO: [ app_begin ] --START--
INFO: Run Behavior\ReadHtmlCacheBehavior [ RunTime:0.000028s ]
INFO: [ app_begin ] --END-- [ RunTime:0.000051s ]
SQL: SHOW COLUMNS FROM `admin_user` [ RunTime:0.0005s ]
SQL: SHOW COLUMNS FROM `business` [ RunTime:0.0005s ]
SQL: UPDATE `business` SET `deleted_at`='2016-07-25 22:36:42' WHERE `id` IN ('7') [ RunTime:0.0025s ]

[ 2016-07-25T22:36:42+08:00 ] 127.0.0.1 /tp_erp_shop/Admin/Business/index/type/1.html?v=3.0
INFO: [ app_init ] --START--
INFO: Run Behavior\BuildLiteBehavior [ RunTime:0.000008s ]
INFO: [ app_init ] --END-- [ RunTime:0.000063s ]
INFO: [ app_begin ] --START--
INFO: Run Behavior\ReadHtmlCacheBehavior [ RunTime:0.000022s ]
INFO: [ app_begin ] --END-- [ RunTime:0.000044s ]
SQL: SHOW COLUMNS FROM `admin_user` [ RunTime:0.0005s ]
SQL: SHOW COLUMNS FROM `business` [ RunTime:0.0005s ]
SQL: SELECT COUNT(*) AS tp_count FROM `business` WHERE `deleted_at` = 0 AND `type` = 1 LIMIT 1   [ RunTime:0.0003s ]
SQL: SELECT `id`,`name`,`type`,`level`,`settlement_type`,`settlement_date`,`st_receive_money`,`st_period_receive_money`,`contact_name`,`contact_mobile`,`address`,`memo`,`created_at`,`updated_at`,`deleted_at` FROM `business` WHERE `deleted_at` = 0 AND `type` = 1 ORDER BY id desc LIMIT 0,30   [ RunTime:0.0003s ]
INFO: [ view_parse ] --START--
INFO: [ template_filter ] --START--
INFO: Run Behavior\ContentReplaceBehavior [ RunTime:0.000081s ]
INFO: [ template_filter ] --END-- [ RunTime:0.000124s ]
NOTIC: [8] Undefined variable: paramstr /var/www/tp_erp_shop/Runtime/Cache/Admin/bdc580dd6f251141610d63d3d86c0e3e.php 第 77 行.
NOTIC: [8] Undefined variable: paramstr /var/www/tp_erp_shop/Runtime/Cache/Admin/bdc580dd6f251141610d63d3d86c0e3e.php 第 79 行.
INFO: Run Behavior\ParseTemplateBehavior [ RunTime:0.007521s ]
INFO: [ view_parse ] --END-- [ RunTime:0.007562s ]
INFO: [ view_filter ] --START--
INFO: Run Behavior\WriteHtmlCacheBehavior [ RunTime:0.000061s ]
INFO: Run Behavior\TokenBuildBehavior [ RunTime:0.000117s ]
INFO: [ view_filter ] --END-- [ RunTime:0.000222s ]
INFO: [ app_end ] --START--
INFO: Run Behavior\ShowPageTraceBehavior [ RunTime:0.000046s ]
INFO: [ app_end ] --END-- [ RunTime:0.000081s ]

[ 2016-07-25T22:39:34+08:00 ] 127.0.0.1 /tp_erp_shop/Admin/Business/index/type/1.html?v=3.0
INFO: [ app_init ] --START--
INFO: Run Behavior\BuildLiteBehavior [ RunTime:0.000009s ]
INFO: [ app_init ] --END-- [ RunTime:0.000060s ]
INFO: [ app_begin ] --START--
INFO: Run Behavior\ReadHtmlCacheBehavior [ RunTime:0.000022s ]
INFO: [ app_begin ] --END-- [ RunTime:0.000041s ]
SQL: SHOW COLUMNS FROM `admin_user` [ RunTime:0.0004s ]
SQL: SHOW COLUMNS FROM `business` [ RunTime:0.0008s ]
SQL: SELECT COUNT(*) AS tp_count FROM `business` WHERE `deleted_at` = 0 AND `type` = 1 LIMIT 1   [ RunTime:0.0001s ]
SQL: SELECT `id`,`name`,`type`,`level`,`settlement_type`,`settlement_date`,`st_receive_money`,`st_period_receive_money`,`contact_name`,`contact_mobile`,`address`,`memo`,`created_at`,`updated_at`,`deleted_at` FROM `business` WHERE `deleted_at` = 0 AND `type` = 1 ORDER BY id desc LIMIT 0,30   [ RunTime:0.0001s ]
INFO: [ view_parse ] --START--
INFO: [ template_filter ] --START--
INFO: Run Behavior\ContentReplaceBehavior [ RunTime:0.000100s ]
INFO: [ template_filter ] --END-- [ RunTime:0.000161s ]
NOTIC: [8] Undefined variable: paramstr /var/www/tp_erp_shop/Runtime/Cache/Admin/bdc580dd6f251141610d63d3d86c0e3e.php 第 77 行.
NOTIC: [8] Undefined variable: paramstr /var/www/tp_erp_shop/Runtime/Cache/Admin/bdc580dd6f251141610d63d3d86c0e3e.php 第 79 行.
INFO: Run Behavior\ParseTemplateBehavior [ RunTime:0.007218s ]
INFO: [ view_parse ] --END-- [ RunTime:0.007271s ]
INFO: [ view_filter ] --START--
INFO: Run Behavior\WriteHtmlCacheBehavior [ RunTime:0.000078s ]
INFO: Run Behavior\TokenBuildBehavior [ RunTime:0.001349s ]
INFO: [ view_filter ] --END-- [ RunTime:0.001506s ]
INFO: [ app_end ] --START--
INFO: Run Behavior\ShowPageTraceBehavior [ RunTime:0.000070s ]
INFO: [ app_end ] --END-- [ RunTime:0.000105s ]

[ 2016-07-25T22:40:09+08:00 ] 127.0.0.1 /tp_erp_shop/Admin/Business/delete/type/1/ids/5.html
INFO: [ app_init ] --START--
INFO: Run Behavior\BuildLiteBehavior [ RunTime:0.000010s ]
INFO: [ app_init ] --END-- [ RunTime:0.000069s ]
INFO: [ app_begin ] --START--
INFO: Run Behavior\ReadHtmlCacheBehavior [ RunTime:0.000030s ]
INFO: [ app_begin ] --END-- [ RunTime:0.000051s ]
SQL: SHOW COLUMNS FROM `admin_user` [ RunTime:0.0010s ]
SQL: SHOW COLUMNS FROM `business` [ RunTime:0.0004s ]
SQL: UPDATE `business` SET `deleted_at`='2016-07-25 22:40:09' WHERE `id` IN ('5') [ RunTime:0.0024s ]

[ 2016-07-25T22:40:12+08:00 ] 127.0.0.1 /tp_erp_shop/Admin/Business/index/type/1.html?v=3.0
INFO: [ app_init ] --START--
INFO: Run Behavior\BuildLiteBehavior [ RunTime:0.000009s ]
INFO: [ app_init ] --END-- [ RunTime:0.000062s ]
INFO: [ app_begin ] --START--
INFO: Run Behavior\ReadHtmlCacheBehavior [ RunTime:0.000025s ]
INFO: [ app_begin ] --END-- [ RunTime:0.000047s ]
SQL: SHOW COLUMNS FROM `admin_user` [ RunTime:0.0006s ]
SQL: SHOW COLUMNS FROM `business` [ RunTime:0.0005s ]
SQL: SELECT COUNT(*) AS tp_count FROM `business` WHERE `deleted_at` = 0 AND `type` = 1 LIMIT 1   [ RunTime:0.0003s ]
SQL: SELECT `id`,`name`,`type`,`level`,`settlement_type`,`settlement_date`,`st_receive_money`,`st_period_receive_money`,`contact_name`,`contact_mobile`,`address`,`memo`,`created_at`,`updated_at`,`deleted_at` FROM `business` WHERE `deleted_at` = 0 AND `type` = 1 ORDER BY id desc LIMIT 0,30   [ RunTime:0.0016s ]
INFO: [ view_parse ] --START--
INFO: [ template_filter ] --START--
INFO: Run Behavior\ContentReplaceBehavior [ RunTime:0.001080s ]
INFO: [ template_filter ] --END-- [ RunTime:0.001158s ]
NOTIC: [8] Undefined variable: paramstr /var/www/tp_erp_shop/Runtime/Cache/Admin/bdc580dd6f251141610d63d3d86c0e3e.php 第 77 行.
NOTIC: [8] Undefined variable: paramstr /var/www/tp_erp_shop/Runtime/Cache/Admin/bdc580dd6f251141610d63d3d86c0e3e.php 第 79 行.
INFO: Run Behavior\ParseTemplateBehavior [ RunTime:0.009413s ]
INFO: [ view_parse ] --END-- [ RunTime:0.009483s ]
INFO: [ view_filter ] --START--
INFO: Run Behavior\WriteHtmlCacheBehavior [ RunTime:0.000111s ]
INFO: Run Behavior\TokenBuildBehavior [ RunTime:0.000148s ]
INFO: [ view_filter ] --END-- [ RunTime:0.000304s ]
INFO: [ app_end ] --START--
INFO: Run Behavior\ShowPageTraceBehavior [ RunTime:0.000090s ]
INFO: [ app_end ] --END-- [ RunTime:0.000137s ]

[ 2016-07-25T22:40:48+08:00 ] 127.0.0.1 /tp_erp_shop/Admin/Business/index/type/1.html?v=3.0
INFO: [ app_init ] --START--
INFO: Run Behavior\BuildLiteBehavior [ RunTime:0.000042s ]
INFO: [ app_init ] --END-- [ RunTime:0.000130s ]
INFO: [ app_begin ] --START--
INFO: Run Behavior\ReadHtmlCacheBehavior [ RunTime:0.000034s ]
INFO: [ app_begin ] --END-- [ RunTime:0.000096s ]
SQL: SHOW COLUMNS FROM `admin_user` [ RunTime:0.0005s ]
SQL: SHOW COLUMNS FROM `business` [ RunTime:0.0006s ]
SQL: SELECT COUNT(*) AS tp_count FROM `business` WHERE `deleted_at` = 0 AND `type` = 1 LIMIT 1   [ RunTime:0.0002s ]
SQL: SELECT `id`,`name`,`type`,`level`,`settlement_type`,`settlement_date`,`st_receive_money`,`st_period_receive_money`,`contact_name`,`contact_mobile`,`address`,`memo`,`created_at`,`updated_at`,`deleted_at` FROM `business` WHERE `deleted_at` = 0 AND `type` = 1 ORDER BY id desc LIMIT 0,30   [ RunTime:0.0002s ]
INFO: [ view_parse ] --START--
INFO: [ template_filter ] --START--
INFO: Run Behavior\ContentReplaceBehavior [ RunTime:0.000085s ]
INFO: [ template_filter ] --END-- [ RunTime:0.000130s ]
NOTIC: [8] Undefined variable: paramstr /var/www/tp_erp_shop/Runtime/Cache/Admin/bdc580dd6f251141610d63d3d86c0e3e.php 第 77 行.
NOTIC: [8] Undefined variable: paramstr /var/www/tp_erp_shop/Runtime/Cache/Admin/bdc580dd6f251141610d63d3d86c0e3e.php 第 79 行.
INFO: Run Behavior\ParseTemplateBehavior [ RunTime:0.009287s ]
INFO: [ view_parse ] --END-- [ RunTime:0.009322s ]
INFO: [ view_filter ] --START--
INFO: Run Behavior\WriteHtmlCacheBehavior [ RunTime:0.000042s ]
INFO: Run Behavior\TokenBuildBehavior [ RunTime:0.000071s ]
INFO: [ view_filter ] --END-- [ RunTime:0.000138s ]
INFO: [ app_end ] --START--
INFO: Run Behavior\ShowPageTraceBehavior [ RunTime:0.000062s ]
INFO: [ app_end ] --END-- [ RunTime:0.000103s ]

[ 2016-07-25T22:40:54+08:00 ] 127.0.0.1 /tp_erp_shop/Admin/Business/delete/type/1/ids/1.html
INFO: [ app_init ] --START--
INFO: Run Behavior\BuildLiteBehavior [ RunTime:0.000011s ]
INFO: [ app_init ] --END-- [ RunTime:0.000067s ]
INFO: [ app_begin ] --START--
INFO: Run Behavior\ReadHtmlCacheBehavior [ RunTime:0.000030s ]
INFO: [ app_begin ] --END-- [ RunTime:0.000057s ]
SQL: SHOW COLUMNS FROM `admin_user` [ RunTime:0.0005s ]
SQL: SHOW COLUMNS FROM `business` [ RunTime:0.0005s ]
SQL: UPDATE `business` SET `deleted_at`='2016-07-25 22:40:54' WHERE `id` IN ('1') [ RunTime:0.0014s ]

[ 2016-07-25T22:40:57+08:00 ] 127.0.0.1 /tp_erp_shop/Admin/Business/index/type/1.html?v=3.0
INFO: [ app_init ] --START--
INFO: Run Behavior\BuildLiteBehavior [ RunTime:0.000019s ]
INFO: [ app_init ] --END-- [ RunTime:0.000164s ]
INFO: [ app_begin ] --START--
INFO: Run Behavior\ReadHtmlCacheBehavior [ RunTime:0.000061s ]
INFO: [ app_begin ] --END-- [ RunTime:0.000113s ]
SQL: SHOW COLUMNS FROM `admin_user` [ RunTime:0.0011s ]
SQL: SHOW COLUMNS FROM `business` [ RunTime:0.0010s ]
SQL: SELECT COUNT(*) AS tp_count FROM `business` WHERE `deleted_at` = 0 AND `type` = 1 LIMIT 1   [ RunTime:0.0006s ]
SQL: SELECT `id`,`name`,`type`,`level`,`settlement_type`,`settlement_date`,`st_receive_money`,`st_period_receive_money`,`contact_name`,`contact_mobile`,`address`,`memo`,`created_at`,`updated_at`,`deleted_at` FROM `business` WHERE `deleted_at` = 0 AND `type` = 1 ORDER BY id desc LIMIT 0,30   [ RunTime:0.0006s ]
INFO: [ view_parse ] --START--
INFO: [ template_filter ] --START--
INFO: Run Behavior\ContentReplaceBehavior [ RunTime:0.000079s ]
INFO: [ template_filter ] --END-- [ RunTime:0.000121s ]
NOTIC: [8] Undefined variable: paramstr /var/www/tp_erp_shop/Runtime/Cache/Admin/bdc580dd6f251141610d63d3d86c0e3e.php 第 77 行.
NOTIC: [8] Undefined variable: paramstr /var/www/tp_erp_shop/Runtime/Cache/Admin/bdc580dd6f251141610d63d3d86c0e3e.php 第 79 行.
INFO: Run Behavior\ParseTemplateBehavior [ RunTime:0.005266s ]
INFO: [ view_parse ] --END-- [ RunTime:0.005344s ]
INFO: [ view_filter ] --START--
INFO: Run Behavior\WriteHtmlCacheBehavior [ RunTime:0.000159s ]
INFO: Run Behavior\TokenBuildBehavior [ RunTime:0.000716s ]
INFO: [ view_filter ] --END-- [ RunTime:0.001036s ]
INFO: [ app_end ] --START--
INFO: Run Behavior\ShowPageTraceBehavior [ RunTime:0.000184s ]
INFO: [ app_end ] --END-- [ RunTime:0.000348s ]

[ 2016-07-25T22:40:59+08:00 ] 127.0.0.1 /tp_erp_shop/Admin/Business/index/type/1.html?v=3.0
INFO: [ app_init ] --START--
INFO: Run Behavior\BuildLiteBehavior [ RunTime:0.000008s ]
INFO: [ app_init ] --END-- [ RunTime:0.000052s ]
INFO: [ app_begin ] --START--
INFO: Run Behavior\ReadHtmlCacheBehavior [ RunTime:0.000020s ]
INFO: [ app_begin ] --END-- [ RunTime:0.000050s ]
SQL: SHOW COLUMNS FROM `admin_user` [ RunTime:0.0005s ]
SQL: SHOW COLUMNS FROM `business` [ RunTime:0.0003s ]
SQL: SELECT COUNT(*) AS tp_count FROM `business` WHERE `deleted_at` = 0 AND `type` = 1 LIMIT 1   [ RunTime:0.0001s ]
SQL: SELECT `id`,`name`,`type`,`level`,`settlement_type`,`settlement_date`,`st_receive_money`,`st_period_receive_money`,`contact_name`,`contact_mobile`,`address`,`memo`,`created_at`,`updated_at`,`deleted_at` FROM `business` WHERE `deleted_at` = 0 AND `type` = 1 ORDER BY id desc LIMIT 0,30   [ RunTime:0.0000s ]
INFO: [ view_parse ] --START--
INFO: [ template_filter ] --START--
INFO: Run Behavior\ContentReplaceBehavior [ RunTime:0.000161s ]
INFO: [ template_filter ] --END-- [ RunTime:0.000283s ]
NOTIC: [8] Undefined variable: paramstr /var/www/tp_erp_shop/Runtime/Cache/Admin/bdc580dd6f251141610d63d3d86c0e3e.php 第 77 行.
NOTIC: [8] Undefined variable: paramstr /var/www/tp_erp_shop/Runtime/Cache/Admin/bdc580dd6f251141610d63d3d86c0e3e.php 第 79 行.
INFO: Run Behavior\ParseTemplateBehavior [ RunTime:0.006408s ]
INFO: [ view_parse ] --END-- [ RunTime:0.006495s ]
INFO: [ view_filter ] --START--
INFO: Run Behavior\WriteHtmlCacheBehavior [ RunTime:0.000078s ]
INFO: Run Behavior\TokenBuildBehavior [ RunTime:0.000114s ]
INFO: [ view_filter ] --END-- [ RunTime:0.000249s ]
INFO: [ app_end ] --START--
INFO: Run Behavior\ShowPageTraceBehavior [ RunTime:0.000054s ]
INFO: [ app_end ] --END-- [ RunTime:0.000086s ]

[ 2016-07-25T22:48:53+08:00 ] 127.0.0.1 /tp_erp_shop/Admin/Business/index/type/1.html?v=3.0
INFO: [ app_init ] --START--
INFO: Run Behavior\BuildLiteBehavior [ RunTime:0.000010s ]
INFO: [ app_init ] --END-- [ RunTime:0.000120s ]
INFO: [ app_begin ] --START--
INFO: Run Behavior\ReadHtmlCacheBehavior [ RunTime:0.000066s ]
INFO: [ app_begin ] --END-- [ RunTime:0.000109s ]
SQL: SHOW COLUMNS FROM `admin_user` [ RunTime:0.0007s ]
SQL: SHOW COLUMNS FROM `business` [ RunTime:0.0004s ]
SQL: SELECT COUNT(*) AS tp_count FROM `business` WHERE `deleted_at` = 0 AND `type` = 1 LIMIT 1   [ RunTime:0.0003s ]
SQL: SELECT `id`,`name`,`type`,`level`,`settlement_type`,`settlement_date`,`st_receive_money`,`st_period_receive_money`,`contact_name`,`contact_mobile`,`address`,`memo`,`created_at`,`updated_at`,`deleted_at` FROM `business` WHERE `deleted_at` = 0 AND `type` = 1 ORDER BY id desc LIMIT 0,30   [ RunTime:0.0004s ]
INFO: [ view_parse ] --START--
INFO: [ template_filter ] --START--
INFO: Run Behavior\ContentReplaceBehavior [ RunTime:0.000128s ]
INFO: [ template_filter ] --END-- [ RunTime:0.000205s ]
NOTIC: [8] Undefined variable: paramstr /var/www/tp_erp_shop/Runtime/Cache/Admin/bdc580dd6f251141610d63d3d86c0e3e.php 第 77 行.
NOTIC: [8] Undefined variable: paramstr /var/www/tp_erp_shop/Runtime/Cache/Admin/bdc580dd6f251141610d63d3d86c0e3e.php 第 79 行.
INFO: Run Behavior\ParseTemplateBehavior [ RunTime:0.006982s ]
INFO: [ view_parse ] --END-- [ RunTime:0.007099s ]
INFO: [ view_filter ] --START--
INFO: Run Behavior\WriteHtmlCacheBehavior [ RunTime:0.000111s ]
INFO: Run Behavior\TokenBuildBehavior [ RunTime:0.000103s ]
INFO: [ view_filter ] --END-- [ RunTime:0.000316s ]
INFO: [ app_end ] --START--
INFO: Run Behavior\ShowPageTraceBehavior [ RunTime:0.000045s ]
INFO: [ app_end ] --END-- [ RunTime:0.000073s ]

